0 info it worked if it ends with ok
1 verbose cli [ 'C:\\Program Files\\nodejs\\node.exe',
1 verbose cli   'C:\\Users\\Harry.Hu\\AppData\\Roaming\\npm\\node_modules\\npm\\bin\\npm-cli.js',
1 verbose cli   'run',
1 verbose cli   'start' ]
2 info using npm@3.9.2
3 info using node@v7.8.0
4 verbose run-script [ 'prestart', 'start', 'poststart' ]
5 info lifecycle weierpserver@1.0.0~prestart: weierpserver@1.0.0
6 silly lifecycle weierpserver@1.0.0~prestart: no script for prestart, continuing
7 info lifecycle weierpserver@1.0.0~start: weierpserver@1.0.0
8 verbose lifecycle weierpserver@1.0.0~start: unsafe-perm in lifecycle true
9 verbose lifecycle weierpserver@1.0.0~start: PATH: C:\Users\Harry.Hu\AppData\Roaming\npm\node_modules\npm\bin\node-gyp-bin;C:\Users\Harry.Hu\git\WeiERP\WekaServer\node_modules\.bin;C:\Program Files\nodejs;C:/Program Files/Java/jre1.8.0_91/bin/server;C:/Program Files/Java/jre1.8.0_91/bin;C:/Program Files/Java/jre1.8.0_91/lib/amd64;C:\ProgramData\Oracle\Java\javapath;C:\Program Files (x86)\Intel\iCLS Client\;C:\Program Files\Intel\iCLS Client\;C:\Windows\system32;C:\Windows;C:\Windows\System32\Wbem;C:\Windows\System32\WindowsPowerShell\v1.0\;C:\Program Files\Intel\IntelSGXPSW\bin\x64\Release\;C:\Program Files\Intel\IntelSGXPSW\bin\win32\Release\;C:\Program Files (x86)\NVIDIA Corporation\PhysX\Common;C:\Program Files (x86)\Intel\Intel(R) Management Engine Components\DAL;C:\Program Files\Intel\Intel(R) Management Engine Components\DAL;C:\Program Files (x86)\Intel\Intel(R) Management Engine Components\IPT;C:\Program Files\Intel\Intel(R) Management Engine Components\IPT;C:\WINDOWS\system32;C:\WINDOWS;C:\WINDOWS\System32\Wbem;C:\WINDOWS\System32\WindowsPowerShell\v1.0\;c:\Program Files (x86)\Microsoft SQL Server\100\Tools\Binn\;c:\Program Files (x86)\Microsoft SQL Server\100\DTS\Binn\;c:\Program Files (x86)\Microsoft SQL Server\100\Tools\Binn\VSShell\Common7\IDE\;C:\Program Files (x86)\Windows Kits\8.1\Windows Performance Toolkit\;C:\Program Files\Microsoft SQL Server\110\Tools\Binn\;C:\Program Files\Microsoft SQL Server\120\Tools\Binn\;C:\Program Files (x86)\Skype\Phone\;C:\Program Files\Git\cmd;C:\Program Files (x86)\Microsoft SQL Server\110\DTS\Binn\;C:\Program Files (x86)\Microsoft SQL Server\110\Tools\Binn\;C:\Program Files (x86)\Microsoft SQL Server\110\Tools\Binn\ManagementStudio\;C:\Program Files (x86)\Microsoft Visual Studio 10.0\Common7\IDE\PrivateAssemblies\;C:\Program Files\Intel\WiFi\bin\;C:\Program Files\Common Files\Intel\WirelessCommon\;C:\Program Files\Microsoft\Web Platform Installer\;C:\Users\Harry.Hu\.dnx\bin;C:\Program Files\Microsoft DNX\Dnvm\;C:\Program Files\Microsoft SQL Server\130\Tools\Binn\;C:\Program Files\dotnet\;C:\Program Files\nodejs\;C:\Program Files (x86)\Microsoft VS Code\bin;C:\Program Files\MongoDB\Server\3.4\bin;C:\Users\Harry.Hu\AppData\Roaming\npm;C:\WINDOWS\system32;
10 verbose lifecycle weierpserver@1.0.0~start: CWD: C:\Users\Harry.Hu\git\WeiERP\WekaServer
11 silly lifecycle weierpserver@1.0.0~start: Args: [ '/d /s /c', 'ts-node app.ts' ]
12 silly lifecycle weierpserver@1.0.0~start: Returned: code: 1  signal: null
13 info lifecycle weierpserver@1.0.0~start: Failed to exec start script
14 verbose stack Error: weierpserver@1.0.0 start: `ts-node app.ts`
14 verbose stack Exit status 1
14 verbose stack     at EventEmitter.<anonymous> (C:\Users\Harry.Hu\AppData\Roaming\npm\node_modules\npm\lib\utils\lifecycle.js:245:16)
14 verbose stack     at emitTwo (events.js:106:13)
14 verbose stack     at EventEmitter.emit (events.js:194:7)
14 verbose stack     at ChildProcess.<anonymous> (C:\Users\Harry.Hu\AppData\Roaming\npm\node_modules\npm\lib\utils\spawn.js:24:14)
14 verbose stack     at emitTwo (events.js:106:13)
14 verbose stack     at ChildProcess.emit (events.js:194:7)
14 verbose stack     at maybeClose (internal/child_process.js:899:16)
14 verbose stack     at Process.ChildProcess._handle.onexit (internal/child_process.js:226:5)
15 verbose pkgid weierpserver@1.0.0
16 verbose cwd C:\Users\Harry.Hu\git\WeiERP\WekaServer\model
17 error Windows_NT 10.0.10586
18 error argv "C:\\Program Files\\nodejs\\node.exe" "C:\\Users\\Harry.Hu\\AppData\\Roaming\\npm\\node_modules\\npm\\bin\\npm-cli.js" "run" "start"
19 error node v7.8.0
20 error npm  v3.9.2
21 error code ELIFECYCLE
22 error weierpserver@1.0.0 start: `ts-node app.ts`
22 error Exit status 1
23 error Failed at the weierpserver@1.0.0 start script 'ts-node app.ts'.
23 error Make sure you have the latest version of node.js and npm installed.
23 error If you do, this is most likely a problem with the weierpserver package,
23 error not with npm itself.
23 error Tell the author that this fails on your system:
23 error     ts-node app.ts
23 error You can get information on how to open an issue for this project with:
23 error     npm bugs weierpserver
23 error Or if that isn't available, you can get their info via:
23 error     npm owner ls weierpserver
23 error There is likely additional logging output above.
24 verbose exit [ 1, true ]
