{"level":"info","message":"Weka listening on port 3000!","timestamp":"2017-04-04T00:01:24.133Z"}
{"level":"info","message":"Connected to DB Weka Database","timestamp":"2017-04-04T00:01:24.152Z"}
{"level":"info","message":"Weka listening on port 3000!","timestamp":"2017-04-04T00:01:51.490Z"}
{"level":"info","message":"Connected to DB Weka Database","timestamp":"2017-04-04T00:01:51.511Z"}
{"level":"info","message":"Weka listening on port 3000!","timestamp":"2017-04-04T00:02:13.097Z"}
{"level":"info","message":"Connected to DB Weka Database","timestamp":"2017-04-04T00:02:13.114Z"}
{"level":"info","message":"Weka listening on port 3000!","timestamp":"2017-04-04T00:02:37.387Z"}
{"level":"info","message":"Connected to DB Weka Database","timestamp":"2017-04-04T00:02:37.406Z"}
{"level":"info","message":"Weka listening on port 3000!","timestamp":"2017-04-04T00:03:23.184Z"}
{"level":"info","message":"Connected to DB Weka Database","timestamp":"2017-04-04T00:03:23.203Z"}
{"level":"info","message":"Weka listening on port 3000!","timestamp":"2017-04-04T00:04:20.958Z"}
{"level":"info","message":"Connected to DB Weka Database","timestamp":"2017-04-04T00:04:20.978Z"}
{"level":"info","message":"OrderController constructed","timestamp":"2017-04-04T00:04:56.671Z"}
{"level":"info","message":"Weka listening on port 3000!","timestamp":"2017-04-04T00:04:56.679Z"}
{"level":"info","message":"Connected to DB Weka Database","timestamp":"2017-04-04T00:04:56.700Z"}
{"level":"info","message":"OrderController constructed","timestamp":"2017-04-04T00:05:03.131Z"}
{"level":"info","message":"register order router","timestamp":"2017-04-04T00:05:03.135Z"}
{"level":"info","message":"Weka listening on port 3000!","timestamp":"2017-04-04T00:05:03.147Z"}
{"level":"info","message":"Connected to DB Weka Database","timestamp":"2017-04-04T00:05:03.167Z"}
{"level":"info","message":"Controller constructed","timestamp":"2017-04-04T00:05:09.101Z"}
{"level":"info","message":"OrderController constructed","timestamp":"2017-04-04T00:05:09.103Z"}
{"level":"info","message":"register order router","timestamp":"2017-04-04T00:05:09.104Z"}
{"level":"info","message":"Weka listening on port 3000!","timestamp":"2017-04-04T00:05:09.112Z"}
{"level":"info","message":"Connected to DB Weka Database","timestamp":"2017-04-04T00:05:09.130Z"}
{"level":"info","message":"Controller constructed","label":"Controller","timestamp":"2017-04-04T00:05:55.915Z"}
{"level":"info","message":"OrderController constructed","label":"OrderController","timestamp":"2017-04-04T00:05:55.917Z"}
{"level":"info","message":"register order router","label":"OrderRouter","timestamp":"2017-04-04T00:05:55.918Z"}
{"level":"info","message":"Weka listening on port 3000!","label":"Server","timestamp":"2017-04-04T00:05:55.927Z"}
{"level":"info","message":"Connected to DB Weka Database","label":"OrderController","timestamp":"2017-04-04T00:05:55.947Z"}
{"level":"info","message":"Controller constructed","label":"Controller","timestamp":"2017-04-04T00:07:14.736Z"}
{"level":"info","message":"OrderController constructed","label":"OrderController","timestamp":"2017-04-04T00:07:14.738Z"}
{"level":"info","message":"register order router","label":"OrderRouter","timestamp":"2017-04-04T00:07:14.739Z"}
{"level":"info","message":"Weka listening on port 3000!","label":"Server","timestamp":"2017-04-04T00:07:14.747Z"}
{"level":"info","message":"Connected to DB Weka Database","label":"OrderController","timestamp":"2017-04-04T00:07:14.769Z"}
{"level":"info","message":"Controller constructed","label":"Controller","timestamp":"2017-04-04T00:07:42.989Z"}
{"level":"info","message":"OrderController constructed","label":"OrderController","timestamp":"2017-04-04T00:07:42.991Z"}
{"level":"info","message":"register order router","label":"OrderRouter","timestamp":"2017-04-04T00:07:42.992Z"}
{"level":"info","message":"Weka listening on port 3000!","label":"Server","timestamp":"2017-04-04T00:07:43.002Z"}
{"level":"info","message":"Connected to DB Weka Database","label":"Database","timestamp":"2017-04-04T00:07:43.038Z"}
{"level":"info","message":"Controller constructed","label":"Controller","timestamp":"2017-04-04T00:08:30.429Z"}
{"level":"info","message":"OrderController constructed","label":"OrderController","timestamp":"2017-04-04T00:08:30.431Z"}
{"level":"info","message":"register order router","label":"OrderRouter","timestamp":"2017-04-04T00:08:30.432Z"}
{"level":"info","message":"Weka listening on port 3000!","label":"Server","timestamp":"2017-04-04T00:08:30.440Z"}
{"level":"info","message":"Connected to DB Weka Database","label":"Database","timestamp":"2017-04-04T00:08:30.461Z"}
{"level":"info","message":"Controller constructed","label":"Controller","timestamp":"2017-04-04T00:10:05.444Z"}
{"level":"info","message":"OrderController constructed","label":"OrderController","timestamp":"2017-04-04T00:10:05.446Z"}
{"level":"info","message":"register order router","label":"OrderRouter","timestamp":"2017-04-04T00:10:05.447Z"}
{"level":"info","message":"Weka listening on port 3000!","label":"Server","timestamp":"2017-04-04T00:10:05.456Z"}
{"level":"info","message":"Connected to DB Weka Database","label":"Database","timestamp":"2017-04-04T00:10:05.475Z"}
{"level":"info","message":"Controller constructed","label":"Controller","timestamp":"2017-04-04T00:13:31.346Z"}
{"level":"info","message":"OrderController constructed","label":"OrderController","timestamp":"2017-04-04T00:13:31.347Z"}
{"level":"info","message":"register order router","label":"OrderRouter","timestamp":"2017-04-04T00:13:31.348Z"}
{"level":"info","message":"Weka listening on port 3000!","label":"Server","timestamp":"2017-04-04T00:13:31.357Z"}
{"level":"info","message":"Connected to DB Weka Database","label":"Database","timestamp":"2017-04-04T00:13:31.378Z"}
{"level":"info","message":"Controller constructed","label":"Controller","timestamp":"2017-04-04T00:15:31.834Z"}
{"level":"info","message":"OrderController constructed","label":"OrderController","timestamp":"2017-04-04T00:15:31.836Z"}
{"level":"info","message":"register order router","label":"OrderRouter","timestamp":"2017-04-04T00:15:31.837Z"}
{"level":"info","message":"Weka listening on port 3000!","label":"Server","timestamp":"2017-04-04T00:15:31.846Z"}
{"level":"info","message":"Connected to DB Weka Database","label":"Database","timestamp":"2017-04-04T00:15:31.868Z"}
{"level":"info","message":"Controller constructed","label":"Controller","timestamp":"2017-04-04T00:19:43.235Z"}
{"level":"info","message":"OrderController constructed","label":"OrderController","timestamp":"2017-04-04T00:19:43.238Z"}
{"level":"info","message":"register order router","label":"OrderRouter","timestamp":"2017-04-04T00:19:43.240Z"}
{"level":"info","message":"Weka listening on port 3000!","label":"Server","timestamp":"2017-04-04T00:19:43.248Z"}
{"level":"info","message":"Connected to DB Weka Database","label":"Database","timestamp":"2017-04-04T00:19:43.267Z"}
{"level":"info","message":"Controller constructed","label":"Controller","timestamp":"2017-04-04T00:26:46.364Z"}
{"level":"info","message":"OrderController constructed","label":"OrderController","timestamp":"2017-04-04T00:26:46.365Z"}
{"level":"info","message":"register order router","label":"OrderRouter","timestamp":"2017-04-04T00:26:46.366Z"}
{"level":"info","message":"Weka listening on port 3000!","label":"Server","timestamp":"2017-04-04T00:26:46.373Z"}
{"level":"info","message":"Connected to DB Weka Database","label":"Database","timestamp":"2017-04-04T00:26:46.392Z"}
{"level":"info","message":"Controller constructed","label":"Controller","timestamp":"2017-04-04T00:27:36.906Z"}
{"level":"info","message":"OrderController constructed","label":"OrderController","timestamp":"2017-04-04T00:27:36.907Z"}
{"level":"info","message":"register order router","label":"OrderRouter","timestamp":"2017-04-04T00:27:36.911Z"}
{"level":"info","message":"Weka listening on port 3000!","label":"Server","timestamp":"2017-04-04T00:27:36.918Z"}
{"level":"info","message":"Connected to DB Weka Database","label":"Database","timestamp":"2017-04-04T00:27:36.946Z"}
{"level":"info","message":"Controller constructed","label":"Controller","timestamp":"2017-04-04T00:28:33.431Z"}
{"level":"info","message":"OrderController constructed","label":"OrderController","timestamp":"2017-04-04T00:28:33.432Z"}
{"level":"info","message":"register order router","label":"OrderRouter","timestamp":"2017-04-04T00:28:33.433Z"}
{"level":"info","message":"Weka listening on port 3000!","label":"Server","timestamp":"2017-04-04T00:28:33.442Z"}
{"level":"info","message":"Connected to DB Weka Database","label":"Database","timestamp":"2017-04-04T00:28:33.464Z"}
{"level":"info","message":"Controller constructed","label":"Controller","timestamp":"2017-04-04T00:31:02.502Z"}
{"level":"info","message":"OrderController constructed","label":"OrderController","timestamp":"2017-04-04T00:31:02.503Z"}
{"level":"info","message":"register order router","label":"OrderRouter","timestamp":"2017-04-04T00:31:02.504Z"}
{"level":"info","message":"Weka listening on port 3000!","label":"Server","timestamp":"2017-04-04T00:31:02.514Z"}
{"level":"info","message":"Connected to DB Weka Database","label":"Database","timestamp":"2017-04-04T00:31:02.535Z"}
{"level":"info","message":"Controller constructed","label":"Controller","timestamp":"2017-04-04T00:34:54.919Z"}
{"level":"info","message":"OrderController constructed","label":"OrderController","timestamp":"2017-04-04T00:34:54.920Z"}
{"level":"info","message":"register order router","label":"OrderRouter","timestamp":"2017-04-04T00:34:54.922Z"}
{"level":"info","message":"Weka listening on port 3000!","label":"Server","timestamp":"2017-04-04T00:34:54.930Z"}
{"level":"info","message":"Connected to DB Weka Database","label":"Database","timestamp":"2017-04-04T00:34:54.957Z"}
{"level":"info","message":"Controller constructed","label":"Controller","timestamp":"2017-04-04T00:34:59.990Z"}
{"level":"info","message":"OrderController constructed","label":"OrderController","timestamp":"2017-04-04T00:34:59.992Z"}
{"level":"info","message":"register order router","label":"OrderRouter","timestamp":"2017-04-04T00:34:59.994Z"}
{"level":"info","message":"Weka listening on port 3000!","label":"Server","timestamp":"2017-04-04T00:35:00.003Z"}
{"level":"info","message":"Connected to DB Weka Database","label":"Database","timestamp":"2017-04-04T00:35:00.028Z"}
{"level":"info","message":"Controller constructed","label":"Controller","timestamp":"2017-04-04T00:35:19.397Z"}
{"level":"info","message":"OrderController constructed","label":"OrderController","timestamp":"2017-04-04T00:35:19.399Z"}
{"level":"info","message":"register order router","label":"OrderRouter","timestamp":"2017-04-04T00:35:19.400Z"}
{"level":"info","message":"Weka listening on port 3000!","label":"Server","timestamp":"2017-04-04T00:35:19.409Z"}
{"level":"info","message":"Connected to DB Weka Database","label":"Database","timestamp":"2017-04-04T00:35:19.427Z"}
{"level":"info","message":"Mongoose default connection to DB :Weka Database disconnected","label":"Database","timestamp":"2017-04-04T00:35:52.606Z"}
{"level":"info","message":"Controller constructed","label":"Controller","timestamp":"2017-04-04T00:36:08.931Z"}
{"level":"info","message":"OrderController constructed","label":"OrderController","timestamp":"2017-04-04T00:36:08.933Z"}
{"level":"info","message":"Weka listening on port 3000!","label":"Server","timestamp":"2017-04-04T00:36:08.952Z"}
{"level":"info","message":"register order router","label":"OrderRouter","timestamp":"2017-04-04T00:36:08.935Z"}
{"level":"info","message":"Connected to DB Weka Database","label":"Database","timestamp":"2017-04-04T00:36:08.988Z"}
{"level":"info","message":"Mongoose default connection to DB :Weka Database disconnected","label":"Database","timestamp":"2017-04-04T00:38:14.647Z"}
{"level":"info","message":"Controller constructed","label":"Controller","timestamp":"2017-04-04T00:38:32.849Z"}
{"level":"info","message":"OrderController constructed","label":"OrderController","timestamp":"2017-04-04T00:38:32.850Z"}
{"level":"info","message":"register order router","label":"OrderRouter","timestamp":"2017-04-04T00:38:32.852Z"}
{"level":"info","message":"Weka listening on port 3000!","label":"Server","timestamp":"2017-04-04T00:38:32.860Z"}
{"level":"info","message":"Connected to DB Weka Database","label":"Database","timestamp":"2017-04-04T00:38:32.879Z"}
{"level":"info","message":"Controller constructed","label":"Controller","timestamp":"2017-04-04T00:48:27.814Z"}
{"level":"info","message":"OrderController constructed","label":"OrderController","timestamp":"2017-04-04T00:48:27.815Z"}
{"level":"info","message":"register order router","label":"OrderRouter","timestamp":"2017-04-04T00:48:27.818Z"}
{"level":"info","message":"Weka listening on port 3000!","label":"Server","timestamp":"2017-04-04T00:48:27.825Z"}
{"level":"info","message":"Connected to DB Weka Database","label":"Database","timestamp":"2017-04-04T00:48:27.850Z"}
{"level":"info","message":"Controller constructed","label":"Controller","timestamp":"2017-04-04T00:51:40.325Z"}
{"level":"info","message":"OrderController constructed","label":"OrderController","timestamp":"2017-04-04T00:51:40.327Z"}
{"level":"info","message":"register order router","label":"OrderRouter","timestamp":"2017-04-04T00:51:40.329Z"}
{"level":"info","message":"Weka listening on port 3000!","label":"Server","timestamp":"2017-04-04T00:51:40.336Z"}
{"level":"info","message":"Connected to DB Weka Database","label":"Database","timestamp":"2017-04-04T00:51:40.355Z"}
{"level":"info","message":"Controller constructed","label":"Controller","timestamp":"2017-04-04T03:41:57.414Z"}
{"level":"info","message":"OrderController constructed","label":"OrderController","timestamp":"2017-04-04T03:41:57.415Z"}
{"level":"info","message":"register order router","label":"OrderRouter","timestamp":"2017-04-04T03:41:57.416Z"}
{"level":"info","message":"Weka listening on port 3000!","label":"Server","timestamp":"2017-04-04T03:41:57.425Z"}
{"level":"info","message":"Connected to DB Weka Database","label":"Database","timestamp":"2017-04-04T03:41:57.444Z"}
{"level":"info","message":"Controller constructed","label":"Controller","timestamp":"2017-04-04T04:05:30.042Z"}
{"level":"info","message":"OrderController constructed","label":"OrderController","timestamp":"2017-04-04T04:05:30.044Z"}
{"level":"info","message":"register order router","label":"OrderRouter","timestamp":"2017-04-04T04:05:30.046Z"}
{"level":"info","message":"Weka listening on port 3000!","label":"Server","timestamp":"2017-04-04T04:05:30.053Z"}
{"level":"info","message":"Connected to DB Weka Database","label":"Database","timestamp":"2017-04-04T04:05:30.071Z"}
{"level":"info","message":"Controller constructed","label":"Controller","timestamp":"2017-04-04T04:07:08.516Z"}
{"level":"info","message":"OrderController constructed","label":"OrderController","timestamp":"2017-04-04T04:07:08.517Z"}
{"level":"info","message":"register order router","label":"OrderRouter","timestamp":"2017-04-04T04:07:08.519Z"}
{"level":"info","message":"Weka listening on port 3000!","label":"Server","timestamp":"2017-04-04T04:07:08.527Z"}
{"level":"info","message":"Connected to DB Weka Database","label":"Database","timestamp":"2017-04-04T04:07:08.549Z"}
{"level":"info","message":"Controller constructed","label":"Controller","timestamp":"2017-04-04T04:09:20.213Z"}
{"level":"info","message":"OrderController constructed","label":"OrderController","timestamp":"2017-04-04T04:09:20.215Z"}
{"level":"info","message":"register order router","label":"OrderRouter","timestamp":"2017-04-04T04:09:20.216Z"}
{"level":"info","message":"Weka listening on port 3000!","label":"Server","timestamp":"2017-04-04T04:09:20.223Z"}
{"level":"info","message":"Connected to DB Weka Database","label":"Database","timestamp":"2017-04-04T04:09:20.242Z"}
{"level":"info","message":"Controller constructed","label":"Controller","timestamp":"2017-04-04T04:10:44.370Z"}
{"level":"info","message":"OrderController constructed","label":"OrderController","timestamp":"2017-04-04T04:10:44.372Z"}
{"level":"info","message":"register order router","label":"OrderRouter","timestamp":"2017-04-04T04:10:44.373Z"}
{"level":"info","message":"Weka listening on port 3000!","label":"Server","timestamp":"2017-04-04T04:10:44.381Z"}
{"level":"info","message":"Connected to DB Weka Database","label":"Database","timestamp":"2017-04-04T04:10:44.403Z"}
{"level":"info","message":"Controller constructed","label":"Controller","timestamp":"2017-04-04T04:10:53.473Z"}
{"level":"info","message":"OrderController constructed","label":"OrderController","timestamp":"2017-04-04T04:10:53.475Z"}
{"level":"info","message":"register order router","label":"OrderRouter","timestamp":"2017-04-04T04:10:53.477Z"}
{"level":"info","message":"Weka listening on port 3000!","label":"Server","timestamp":"2017-04-04T04:10:53.485Z"}
{"level":"info","message":"Connected to DB Weka Database","label":"Database","timestamp":"2017-04-04T04:10:53.502Z"}
{"level":"info","message":"Controller constructed","label":"Controller","timestamp":"2017-04-04T04:11:11.680Z"}
{"level":"info","message":"OrderController constructed","label":"OrderController","timestamp":"2017-04-04T04:11:11.681Z"}
{"level":"info","message":"register order router","label":"OrderRouter","timestamp":"2017-04-04T04:11:11.683Z"}
{"level":"info","message":"Weka listening on port 3000!","label":"Server","timestamp":"2017-04-04T04:11:11.690Z"}
{"level":"info","message":"Connected to DB Weka Database","label":"Database","timestamp":"2017-04-04T04:11:11.712Z"}
{"level":"info","message":"Controller constructed","label":"Controller","timestamp":"2017-04-04T04:11:48.207Z"}
{"level":"info","message":"OrderController constructed","label":"OrderController","timestamp":"2017-04-04T04:11:48.209Z"}
{"level":"info","message":"register order router","label":"OrderRouter","timestamp":"2017-04-04T04:11:48.210Z"}
{"level":"info","message":"Weka listening on port 3000!","label":"Server","timestamp":"2017-04-04T04:11:48.219Z"}
{"level":"info","message":"Connected to DB Weka Database","label":"Database","timestamp":"2017-04-04T04:11:48.236Z"}
{"level":"info","message":"Controller constructed","label":"Controller","timestamp":"2017-04-04T04:12:21.483Z"}
{"level":"info","message":"OrderController constructed","label":"OrderController","timestamp":"2017-04-04T04:12:21.484Z"}
{"level":"info","message":"register order router","label":"OrderRouter","timestamp":"2017-04-04T04:12:21.485Z"}
{"level":"info","message":"Weka listening on port 3000!","label":"Server","timestamp":"2017-04-04T04:12:21.493Z"}
{"level":"info","message":"Connected to DB Weka Database","label":"Database","timestamp":"2017-04-04T04:12:21.510Z"}
{"level":"info","message":"Controller constructed","label":"Controller","timestamp":"2017-04-04T04:12:41.368Z"}
{"level":"info","message":"OrderController constructed","label":"OrderController","timestamp":"2017-04-04T04:12:41.372Z"}
{"level":"info","message":"register order router","label":"OrderRouter","timestamp":"2017-04-04T04:12:41.375Z"}
{"level":"info","message":"Weka listening on port 3000!","label":"Server","timestamp":"2017-04-04T04:12:41.383Z"}
{"level":"info","message":"Connected to DB Weka Database","label":"Database","timestamp":"2017-04-04T04:12:41.399Z"}
{"level":"info","message":"Controller constructed","label":"Controller","timestamp":"2017-04-04T05:03:45.789Z"}
{"level":"info","message":"OrderController constructed","label":"OrderController","timestamp":"2017-04-04T05:03:45.790Z"}
{"level":"info","message":"register order router","label":"OrderRouter","timestamp":"2017-04-04T05:03:45.795Z"}
{"level":"info","message":"Weka listening on port 3000!","label":"Server","timestamp":"2017-04-04T05:03:45.805Z"}
{"level":"info","message":"Connected to DB Weka Database","label":"Database","timestamp":"2017-04-04T05:03:45.826Z"}
{"level":"info","message":"Controller constructed","label":"Controller","timestamp":"2017-04-04T05:04:24.121Z"}
{"level":"info","message":"OrderController constructed","label":"OrderController","timestamp":"2017-04-04T05:04:24.122Z"}
{"level":"info","message":"register order router","label":"OrderRouter","timestamp":"2017-04-04T05:04:24.126Z"}
{"level":"info","message":"Weka listening on port 3000!","label":"Server","timestamp":"2017-04-04T05:04:24.135Z"}
{"level":"info","message":"Connected to DB Weka Database","label":"Database","timestamp":"2017-04-04T05:04:24.154Z"}
{"level":"info","message":"Controller constructed","label":"Controller","timestamp":"2017-04-04T05:07:36.282Z"}
{"level":"info","message":"OrderController constructed","label":"OrderController","timestamp":"2017-04-04T05:07:36.283Z"}
{"level":"info","message":"register order router","label":"OrderRouter","timestamp":"2017-04-04T05:07:36.284Z"}
{"level":"info","message":"Weka listening on port 3000!","label":"Server","timestamp":"2017-04-04T05:07:36.292Z"}
{"level":"info","message":"Connected to DB Weka Database","label":"Database","timestamp":"2017-04-04T05:07:36.316Z"}
{"level":"info","message":"Controller constructed","label":"Controller","timestamp":"2017-04-04T05:07:42.861Z"}
{"level":"info","message":"OrderController constructed","label":"OrderController","timestamp":"2017-04-04T05:07:42.863Z"}
{"level":"info","message":"Weka listening on port 3000!","label":"Server","timestamp":"2017-04-04T05:07:42.873Z"}
{"level":"info","message":"register order router","label":"OrderRouter","timestamp":"2017-04-04T05:07:42.864Z"}
{"level":"info","message":"Connected to DB Weka Database","label":"Database","timestamp":"2017-04-04T05:07:42.889Z"}
{"level":"info","message":"Controller constructed","label":"Controller","timestamp":"2017-04-04T05:09:35.642Z"}
{"level":"info","message":"OrderController constructed","label":"OrderController","timestamp":"2017-04-04T05:09:35.646Z"}
{"level":"info","message":"register order router","label":"OrderRouter","timestamp":"2017-04-04T05:09:35.648Z"}
{"level":"info","message":"Weka listening on port 3000!","label":"Server","timestamp":"2017-04-04T05:09:35.656Z"}
{"level":"info","message":"Connected to DB Weka Database","label":"Database","timestamp":"2017-04-04T05:09:35.675Z"}
